Performing C SOURCE FILE Test CMAKE_HAVE_LIBC_PTHREAD failed with the following output:
Change Dir: /home/danielatomas/2ºano/1ºsemestre/Programação/aula6e7/cmake-build-debug/CMakeFiles/CMakeTmp

Run Build Command(s):/usr/bin/make -f Makefile cmTC_346b4/fast && /usr/bin/make  -f CMakeFiles/cmTC_346b4.dir/build.make CMakeFiles/cmTC_346b4.dir/build
make[1]: a entrar na pasta "/home/danielatomas/2ºano/1ºsemestre/Programação/aula6e7/cmake-build-debug/CMakeFiles/CMakeTmp"
Building C object CMakeFiles/cmTC_346b4.dir/src.c.o
/usr/bin/cc -DCMAKE_HAVE_LIBC_PTHREAD  -Wall -g -fsanitize=address -fsanitize=undefined -fno-omit-frame-pointer  -o CMakeFiles/cmTC_346b4.dir/src.c.o -c /home/danielatomas/2ºano/1ºsemestre/Programação/aula6e7/cmake-build-debug/CMakeFiles/CMakeTmp/src.c
Linking C executable cmTC_346b4
/home/danielatomas/clion-2021.2.3/bin/cmake/linux/bin/cmake -E cmake_link_script CMakeFiles/cmTC_346b4.dir/link.txt --verbose=1
/usr/bin/cc  -Wall -g -fsanitize=address -fsanitize=undefined -fno-omit-frame-pointer  CMakeFiles/cmTC_346b4.dir/src.c.o -o cmTC_346b4 
/usr/bin/ld: CMakeFiles/cmTC_346b4.dir/src.c.o: referência indefinida a símbolo "pthread_detach@@GLIBC_2.2.5"
/usr/bin/ld: /lib/x86_64-linux-gnu/libpthread.so.0: erro ao adicionar símbolos: DSO em falta da linha de comandos
collect2: error: ld returned 1 exit status
make[1]: *** [CMakeFiles/cmTC_346b4.dir/build.make:99: cmTC_346b4] Erro 1
make[1]: a sair da pasta "/home/danielatomas/2ºano/1ºsemestre/Programação/aula6e7/cmake-build-debug/CMakeFiles/CMakeTmp"
make: *** [Makefile:127: cmTC_346b4/fast] Erro 2


Source file was:
#include <pthread.h>

static void* test_func(void* data)
{
  return data;
}

int main(void)
{
  pthread_t thread;
  pthread_create(&thread, NULL, test_func, NULL);
  pthread_detach(thread);
  pthread_cancel(thread);
  pthread_join(thread, NULL);
  pthread_atfork(NULL, NULL, NULL);
  pthread_exit(NULL);

  return 0;
}

Determining if the function pthread_create exists in the pthreads failed with the following output:
Change Dir: /home/danielatomas/2ºano/1ºsemestre/Programação/aula6e7/cmake-build-debug/CMakeFiles/CMakeTmp

Run Build Command(s):/usr/bin/make -f Makefile cmTC_83b0c/fast && /usr/bin/make  -f CMakeFiles/cmTC_83b0c.dir/build.make CMakeFiles/cmTC_83b0c.dir/build
make[1]: a entrar na pasta "/home/danielatomas/2ºano/1ºsemestre/Programação/aula6e7/cmake-build-debug/CMakeFiles/CMakeTmp"
Building C object CMakeFiles/cmTC_83b0c.dir/CheckFunctionExists.c.o
/usr/bin/cc   -Wall -g -fsanitize=address -fsanitize=undefined -fno-omit-frame-pointer -DCHECK_FUNCTION_EXISTS=pthread_create -o CMakeFiles/cmTC_83b0c.dir/CheckFunctionExists.c.o -c /home/danielatomas/clion-2021.2.3/bin/cmake/linux/share/cmake-3.20/Modules/CheckFunctionExists.c
Linking C executable cmTC_83b0c
/home/danielatomas/clion-2021.2.3/bin/cmake/linux/bin/cmake -E cmake_link_script CMakeFiles/cmTC_83b0c.dir/link.txt --verbose=1
/usr/bin/cc  -Wall -g -fsanitize=address -fsanitize=undefined -fno-omit-frame-pointer -DCHECK_FUNCTION_EXISTS=pthread_create CMakeFiles/cmTC_83b0c.dir/CheckFunctionExists.c.o -o cmTC_83b0c  -lpthreads 
/usr/bin/ld: não foi possível localizar -lpthreads
collect2: error: ld returned 1 exit status
make[1]: *** [CMakeFiles/cmTC_83b0c.dir/build.make:99: cmTC_83b0c] Erro 1
make[1]: a sair da pasta "/home/danielatomas/2ºano/1ºsemestre/Programação/aula6e7/cmake-build-debug/CMakeFiles/CMakeTmp"
make: *** [Makefile:127: cmTC_83b0c/fast] Erro 2



