The C compiler identification could not be found in "/home/danielatomas/2ºano/1ºsemestre/Programação/prog_p4/cmake-build-debug-coverage/CMakeFiles/3.20.2/CompilerIdC/CMakeCCompilerId.gcno"

The CXX compiler identification could not be found in "/home/danielatomas/2ºano/1ºsemestre/Programação/prog_p4/cmake-build-debug-coverage/CMakeFiles/3.20.2/CompilerIdCXX/CMakeCXXCompilerId.gcno"

Performing C SOURCE FILE Test CMAKE_HAVE_LIBC_PTHREAD failed with the following output:
Change Dir: /home/danielatomas/2ºano/1ºsemestre/Programação/prog_p4/cmake-build-debug-coverage/CMakeFiles/CMakeTmp

Run Build Command(s):/usr/bin/make -f Makefile cmTC_443ea/fast && /usr/bin/make  -f CMakeFiles/cmTC_443ea.dir/build.make CMakeFiles/cmTC_443ea.dir/build
make[1]: a entrar na pasta "/home/danielatomas/2ºano/1ºsemestre/Programação/prog_p4/cmake-build-debug-coverage/CMakeFiles/CMakeTmp"
Building C object CMakeFiles/cmTC_443ea.dir/src.c.o
/usr/bin/cc -DCMAKE_HAVE_LIBC_PTHREAD  --coverage -Wall -g -fsanitize=address -fsanitize=undefined -fno-omit-frame-pointer  -o CMakeFiles/cmTC_443ea.dir/src.c.o -c /home/danielatomas/2ºano/1ºsemestre/Programação/prog_p4/cmake-build-debug-coverage/CMakeFiles/CMakeTmp/src.c
Linking C executable cmTC_443ea
/home/danielatomas/clion-2021.2.3/bin/cmake/linux/bin/cmake -E cmake_link_script CMakeFiles/cmTC_443ea.dir/link.txt --verbose=1
/usr/bin/cc --coverage -Wall -g -fsanitize=address -fsanitize=undefined -fno-omit-frame-pointer  CMakeFiles/cmTC_443ea.dir/src.c.o -o cmTC_443ea 
/usr/bin/ld: CMakeFiles/cmTC_443ea.dir/src.c.o: referência indefinida a símbolo "pthread_detach@@GLIBC_2.2.5"
/usr/bin/ld: /lib/x86_64-linux-gnu/libpthread.so.0: erro ao adicionar símbolos: DSO em falta da linha de comandos
collect2: error: ld returned 1 exit status
make[1]: *** [CMakeFiles/cmTC_443ea.dir/build.make:99: cmTC_443ea] Erro 1
make[1]: a sair da pasta "/home/danielatomas/2ºano/1ºsemestre/Programação/prog_p4/cmake-build-debug-coverage/CMakeFiles/CMakeTmp"
make: *** [Makefile:127: cmTC_443ea/fast] Erro 2


Source file was:
#include <pthread.h>

static void* test_func(void* data)
{
  return data;
}

int main(void)
{
  pthread_t thread;
  pthread_create(&thread, NULL, test_func, NULL);
  pthread_detach(thread);
  pthread_cancel(thread);
  pthread_join(thread, NULL);
  pthread_atfork(NULL, NULL, NULL);
  pthread_exit(NULL);

  return 0;
}

Determining if the function pthread_create exists in the pthreads failed with the following output:
Change Dir: /home/danielatomas/2ºano/1ºsemestre/Programação/prog_p4/cmake-build-debug-coverage/CMakeFiles/CMakeTmp

Run Build Command(s):/usr/bin/make -f Makefile cmTC_393a1/fast && /usr/bin/make  -f CMakeFiles/cmTC_393a1.dir/build.make CMakeFiles/cmTC_393a1.dir/build
make[1]: a entrar na pasta "/home/danielatomas/2ºano/1ºsemestre/Programação/prog_p4/cmake-build-debug-coverage/CMakeFiles/CMakeTmp"
Building C object CMakeFiles/cmTC_393a1.dir/CheckFunctionExists.c.o
/usr/bin/cc   --coverage -Wall -g -fsanitize=address -fsanitize=undefined -fno-omit-frame-pointer -DCHECK_FUNCTION_EXISTS=pthread_create -o CMakeFiles/cmTC_393a1.dir/CheckFunctionExists.c.o -c /home/danielatomas/clion-2021.2.3/bin/cmake/linux/share/cmake-3.20/Modules/CheckFunctionExists.c
Linking C executable cmTC_393a1
/home/danielatomas/clion-2021.2.3/bin/cmake/linux/bin/cmake -E cmake_link_script CMakeFiles/cmTC_393a1.dir/link.txt --verbose=1
/usr/bin/cc --coverage -Wall -g -fsanitize=address -fsanitize=undefined -fno-omit-frame-pointer -DCHECK_FUNCTION_EXISTS=pthread_create CMakeFiles/cmTC_393a1.dir/CheckFunctionExists.c.o -o cmTC_393a1  -lpthreads 
/usr/bin/ld: não foi possível localizar -lpthreads
collect2: error: ld returned 1 exit status
make[1]: *** [CMakeFiles/cmTC_393a1.dir/build.make:99: cmTC_393a1] Erro 1
make[1]: a sair da pasta "/home/danielatomas/2ºano/1ºsemestre/Programação/prog_p4/cmake-build-debug-coverage/CMakeFiles/CMakeTmp"
make: *** [Makefile:127: cmTC_393a1/fast] Erro 2



