Performing C SOURCE FILE Test CMAKE_HAVE_LIBC_PTHREAD failed with the following output:
Change Dir: /home/daniela/2ºano/Programação/progp1/build/CMakeFiles/CMakeTmp

Run Build Command(s):/usr/bin/make cmTC_9cbb4/fast && /usr/bin/make -f CMakeFiles/cmTC_9cbb4.dir/build.make CMakeFiles/cmTC_9cbb4.dir/build
make[1]: a entrar na pasta "/home/daniela/2ºano/Programação/progp1/build/CMakeFiles/CMakeTmp"
Building C object CMakeFiles/cmTC_9cbb4.dir/src.c.o
/usr/bin/cc   -DCMAKE_HAVE_LIBC_PTHREAD   -o CMakeFiles/cmTC_9cbb4.dir/src.c.o   -c /home/daniela/2ºano/Programação/progp1/build/CMakeFiles/CMakeTmp/src.c
Linking C executable cmTC_9cbb4
/usr/bin/cmake -E cmake_link_script CMakeFiles/cmTC_9cbb4.dir/link.txt --verbose=1
/usr/bin/cc  -DCMAKE_HAVE_LIBC_PTHREAD    CMakeFiles/cmTC_9cbb4.dir/src.c.o  -o cmTC_9cbb4 
/usr/bin/ld: CMakeFiles/cmTC_9cbb4.dir/src.c.o: na função "main":
src.c:(.text+0x46): referência não definida para "pthread_create"
/usr/bin/ld: src.c:(.text+0x52): referência não definida para "pthread_detach"
/usr/bin/ld: src.c:(.text+0x63): referência não definida para "pthread_join"
collect2: error: ld returned 1 exit status
make[1]: *** [CMakeFiles/cmTC_9cbb4.dir/build.make:87: cmTC_9cbb4] Erro 1
make[1]: a sair da pasta "/home/daniela/2ºano/Programação/progp1/build/CMakeFiles/CMakeTmp"
make: *** [Makefile:121: cmTC_9cbb4/fast] Erro 2


Source file was:
#include <pthread.h>

void* test_func(void* data)
{
  return data;
}

int main(void)
{
  pthread_t thread;
  pthread_create(&thread, NULL, test_func, NULL);
  pthread_detach(thread);
  pthread_join(thread, NULL);
  pthread_atfork(NULL, NULL, NULL);
  pthread_exit(NULL);

  return 0;
}

Determining if the function pthread_create exists in the pthreads failed with the following output:
Change Dir: /home/daniela/2ºano/Programação/progp1/build/CMakeFiles/CMakeTmp

Run Build Command(s):/usr/bin/make cmTC_09942/fast && /usr/bin/make -f CMakeFiles/cmTC_09942.dir/build.make CMakeFiles/cmTC_09942.dir/build
make[1]: a entrar na pasta "/home/daniela/2ºano/Programação/progp1/build/CMakeFiles/CMakeTmp"
Building C object CMakeFiles/cmTC_09942.dir/CheckFunctionExists.c.o
/usr/bin/cc   -DCHECK_FUNCTION_EXISTS=pthread_create   -o CMakeFiles/cmTC_09942.dir/CheckFunctionExists.c.o   -c /usr/share/cmake-3.16/Modules/CheckFunctionExists.c
Linking C executable cmTC_09942
/usr/bin/cmake -E cmake_link_script CMakeFiles/cmTC_09942.dir/link.txt --verbose=1
/usr/bin/cc  -DCHECK_FUNCTION_EXISTS=pthread_create    CMakeFiles/cmTC_09942.dir/CheckFunctionExists.c.o  -o cmTC_09942  -lpthreads 
/usr/bin/ld: não foi possível localizar -lpthreads
collect2: error: ld returned 1 exit status
make[1]: *** [CMakeFiles/cmTC_09942.dir/build.make:87: cmTC_09942] Erro 1
make[1]: a sair da pasta "/home/daniela/2ºano/Programação/progp1/build/CMakeFiles/CMakeTmp"
make: *** [Makefile:121: cmTC_09942/fast] Erro 2



