Performing C SOURCE FILE Test CMAKE_HAVE_LIBC_PTHREAD failed with the following output:
Change Dir: /home/danielatomas/2ºano/1ºsemestre/Programação/progp2/cmake-build-debug/CMakeFiles/CMakeTmp

Run Build Command(s):/usr/bin/make -f Makefile cmTC_f9714/fast && /usr/bin/make  -f CMakeFiles/cmTC_f9714.dir/build.make CMakeFiles/cmTC_f9714.dir/build
make[1]: a entrar na pasta "/home/danielatomas/2ºano/1ºsemestre/Programação/progp2/cmake-build-debug/CMakeFiles/CMakeTmp"
Building C object CMakeFiles/cmTC_f9714.dir/src.c.o
/usr/bin/cc -DCMAKE_HAVE_LIBC_PTHREAD   -o CMakeFiles/cmTC_f9714.dir/src.c.o -c /home/danielatomas/2ºano/1ºsemestre/Programação/progp2/cmake-build-debug/CMakeFiles/CMakeTmp/src.c
Linking C executable cmTC_f9714
/home/danielatomas/clion-2021.2.3/bin/cmake/linux/bin/cmake -E cmake_link_script CMakeFiles/cmTC_f9714.dir/link.txt --verbose=1
/usr/bin/cc CMakeFiles/cmTC_f9714.dir/src.c.o -o cmTC_f9714 
/usr/bin/ld: CMakeFiles/cmTC_f9714.dir/src.c.o: na função "main":
src.c:(.text+0x46): referência não definida para "pthread_create"
/usr/bin/ld: src.c:(.text+0x52): referência não definida para "pthread_detach"
/usr/bin/ld: src.c:(.text+0x5e): referência não definida para "pthread_cancel"
/usr/bin/ld: src.c:(.text+0x6f): referência não definida para "pthread_join"
collect2: error: ld returned 1 exit status
make[1]: *** [CMakeFiles/cmTC_f9714.dir/build.make:99: cmTC_f9714] Erro 1
make[1]: a sair da pasta "/home/danielatomas/2ºano/1ºsemestre/Programação/progp2/cmake-build-debug/CMakeFiles/CMakeTmp"
make: *** [Makefile:127: cmTC_f9714/fast] Erro 2


Source file was:
#include <pthread.h>

static void* test_func(void* data)
{
  return data;
}

int main(void)
{
  pthread_t thread;
  pthread_create(&thread, NULL, test_func, NULL);
  pthread_detach(thread);
  pthread_cancel(thread);
  pthread_join(thread, NULL);
  pthread_atfork(NULL, NULL, NULL);
  pthread_exit(NULL);

  return 0;
}

Determining if the function pthread_create exists in the pthreads failed with the following output:
Change Dir: /home/danielatomas/2ºano/1ºsemestre/Programação/progp2/cmake-build-debug/CMakeFiles/CMakeTmp

Run Build Command(s):/usr/bin/make -f Makefile cmTC_3e5e1/fast && /usr/bin/make  -f CMakeFiles/cmTC_3e5e1.dir/build.make CMakeFiles/cmTC_3e5e1.dir/build
make[1]: a entrar na pasta "/home/danielatomas/2ºano/1ºsemestre/Programação/progp2/cmake-build-debug/CMakeFiles/CMakeTmp"
Building C object CMakeFiles/cmTC_3e5e1.dir/CheckFunctionExists.c.o
/usr/bin/cc   -DCHECK_FUNCTION_EXISTS=pthread_create -o CMakeFiles/cmTC_3e5e1.dir/CheckFunctionExists.c.o -c /home/danielatomas/clion-2021.2.3/bin/cmake/linux/share/cmake-3.20/Modules/CheckFunctionExists.c
Linking C executable cmTC_3e5e1
/home/danielatomas/clion-2021.2.3/bin/cmake/linux/bin/cmake -E cmake_link_script CMakeFiles/cmTC_3e5e1.dir/link.txt --verbose=1
/usr/bin/cc  -DCHECK_FUNCTION_EXISTS=pthread_create CMakeFiles/cmTC_3e5e1.dir/CheckFunctionExists.c.o -o cmTC_3e5e1  -lpthreads 
/usr/bin/ld: não foi possível localizar -lpthreads
collect2: error: ld returned 1 exit status
make[1]: *** [CMakeFiles/cmTC_3e5e1.dir/build.make:99: cmTC_3e5e1] Erro 1
make[1]: a sair da pasta "/home/danielatomas/2ºano/1ºsemestre/Programação/progp2/cmake-build-debug/CMakeFiles/CMakeTmp"
make: *** [Makefile:127: cmTC_3e5e1/fast] Erro 2



